<?xml version="1.0" encoding="UTF-8"?>
<robot generator="Robot 6.1.1 (Python 3.12.1 on win32)" generated="20240113 12:22:26.022" rpa="false" schemaversion="4">
<suite id="s1" name="Calculator" source="C:\Automation\verify-calculations-robot-framework\tests\calculator.robot">
<test id="s1-t1" name="Verify calculations are true" line="5">
<kw name="Log To Console" library="BuiltIn">
<arg>Calculation starting...</arg>
<doc>Logs the given message to the console.</doc>
<status status="PASS" starttime="20240113 12:22:26.038" endtime="20240113 12:22:26.038"/>
</kw>
<kw name="Verify calculation" library="calculator">
<arg>1 + 1</arg>
<arg>2</arg>
<if>
<branch type="IF" condition="${true}">
<kw name="Log To Console" library="BuiltIn">
<arg>Calculating: ${task}</arg>
<doc>Logs the given message to the console.</doc>
<status status="PASS" starttime="20240113 12:22:26.038" endtime="20240113 12:22:26.038"/>
</kw>
<kw name="Do Math" library="calcululator">
<var>${given_result}</var>
<arg>${task}</arg>
<msg timestamp="20240113 12:22:26.038" level="INFO">${given_result} = 2</msg>
<status status="PASS" starttime="20240113 12:22:26.038" endtime="20240113 12:22:26.038"/>
</kw>
<kw name="Log To Console" library="BuiltIn">
<arg>Result = ${given_result}</arg>
<doc>Logs the given message to the console.</doc>
<status status="PASS" starttime="20240113 12:22:26.038" endtime="20240113 12:22:26.038"/>
</kw>
<kw name="Should Be Equal As Numbers" library="BuiltIn">
<arg>${given_result}</arg>
<arg>${expected}</arg>
<doc>Fails if objects are unequal after converting them to real numbers.</doc>
<msg timestamp="20240113 12:22:26.038" level="INFO">Argument types are:
&lt;class 'int'&gt;
&lt;class 'str'&gt;</msg>
<status status="PASS" starttime="20240113 12:22:26.038" endtime="20240113 12:22:26.038"/>
</kw>
<status status="PASS" starttime="20240113 12:22:26.038" endtime="20240113 12:22:26.038"/>
</branch>
<status status="PASS" starttime="20240113 12:22:26.038" endtime="20240113 12:22:26.038"/>
</if>
<kw name="Log To Console" library="BuiltIn">
<arg>Calculation true</arg>
<doc>Logs the given message to the console.</doc>
<status status="PASS" starttime="20240113 12:22:26.038" endtime="20240113 12:22:26.038"/>
</kw>
<status status="PASS" starttime="20240113 12:22:26.038" endtime="20240113 12:22:26.038"/>
</kw>
<kw name="Verify calculation" library="calculator">
<arg>10 + 2</arg>
<arg>12</arg>
<if>
<branch type="IF" condition="${true}">
<kw name="Log To Console" library="BuiltIn">
<arg>Calculating: ${task}</arg>
<doc>Logs the given message to the console.</doc>
<status status="PASS" starttime="20240113 12:22:26.038" endtime="20240113 12:22:26.038"/>
</kw>
<kw name="Do Math" library="calcululator">
<var>${given_result}</var>
<arg>${task}</arg>
<msg timestamp="20240113 12:22:26.038" level="INFO">${given_result} = 12</msg>
<status status="PASS" starttime="20240113 12:22:26.038" endtime="20240113 12:22:26.038"/>
</kw>
<kw name="Log To Console" library="BuiltIn">
<arg>Result = ${given_result}</arg>
<doc>Logs the given message to the console.</doc>
<status status="PASS" starttime="20240113 12:22:26.038" endtime="20240113 12:22:26.038"/>
</kw>
<kw name="Should Be Equal As Numbers" library="BuiltIn">
<arg>${given_result}</arg>
<arg>${expected}</arg>
<doc>Fails if objects are unequal after converting them to real numbers.</doc>
<msg timestamp="20240113 12:22:26.038" level="INFO">Argument types are:
&lt;class 'int'&gt;
&lt;class 'str'&gt;</msg>
<status status="PASS" starttime="20240113 12:22:26.038" endtime="20240113 12:22:26.038"/>
</kw>
<status status="PASS" starttime="20240113 12:22:26.038" endtime="20240113 12:22:26.038"/>
</branch>
<status status="PASS" starttime="20240113 12:22:26.038" endtime="20240113 12:22:26.038"/>
</if>
<kw name="Log To Console" library="BuiltIn">
<arg>Calculation true</arg>
<doc>Logs the given message to the console.</doc>
<status status="PASS" starttime="20240113 12:22:26.038" endtime="20240113 12:22:26.038"/>
</kw>
<status status="PASS" starttime="20240113 12:22:26.038" endtime="20240113 12:22:26.038"/>
</kw>
<kw name="Verify calculation" library="calculator">
<arg>10 - 2</arg>
<arg>8</arg>
<if>
<branch type="IF" condition="${true}">
<kw name="Log To Console" library="BuiltIn">
<arg>Calculating: ${task}</arg>
<doc>Logs the given message to the console.</doc>
<status status="PASS" starttime="20240113 12:22:26.038" endtime="20240113 12:22:26.038"/>
</kw>
<kw name="Do Math" library="calcululator">
<var>${given_result}</var>
<arg>${task}</arg>
<msg timestamp="20240113 12:22:26.038" level="INFO">${given_result} = 8</msg>
<status status="PASS" starttime="20240113 12:22:26.038" endtime="20240113 12:22:26.038"/>
</kw>
<kw name="Log To Console" library="BuiltIn">
<arg>Result = ${given_result}</arg>
<doc>Logs the given message to the console.</doc>
<status status="PASS" starttime="20240113 12:22:26.038" endtime="20240113 12:22:26.045"/>
</kw>
<kw name="Should Be Equal As Numbers" library="BuiltIn">
<arg>${given_result}</arg>
<arg>${expected}</arg>
<doc>Fails if objects are unequal after converting them to real numbers.</doc>
<msg timestamp="20240113 12:22:26.045" level="INFO">Argument types are:
&lt;class 'int'&gt;
&lt;class 'str'&gt;</msg>
<status status="PASS" starttime="20240113 12:22:26.045" endtime="20240113 12:22:26.045"/>
</kw>
<status status="PASS" starttime="20240113 12:22:26.038" endtime="20240113 12:22:26.045"/>
</branch>
<status status="PASS" starttime="20240113 12:22:26.038" endtime="20240113 12:22:26.045"/>
</if>
<kw name="Log To Console" library="BuiltIn">
<arg>Calculation true</arg>
<doc>Logs the given message to the console.</doc>
<status status="PASS" starttime="20240113 12:22:26.045" endtime="20240113 12:22:26.045"/>
</kw>
<status status="PASS" starttime="20240113 12:22:26.038" endtime="20240113 12:22:26.045"/>
</kw>
<kw name="Verify calculation" library="calculator">
<arg>8 - 10</arg>
<arg>-2</arg>
<if>
<branch type="IF" condition="${true}">
<kw name="Log To Console" library="BuiltIn">
<arg>Calculating: ${task}</arg>
<doc>Logs the given message to the console.</doc>
<status status="PASS" starttime="20240113 12:22:26.045" endtime="20240113 12:22:26.045"/>
</kw>
<kw name="Do Math" library="calcululator">
<var>${given_result}</var>
<arg>${task}</arg>
<msg timestamp="20240113 12:22:26.045" level="INFO">${given_result} = -2</msg>
<status status="PASS" starttime="20240113 12:22:26.045" endtime="20240113 12:22:26.045"/>
</kw>
<kw name="Log To Console" library="BuiltIn">
<arg>Result = ${given_result}</arg>
<doc>Logs the given message to the console.</doc>
<status status="PASS" starttime="20240113 12:22:26.045" endtime="20240113 12:22:26.045"/>
</kw>
<kw name="Should Be Equal As Numbers" library="BuiltIn">
<arg>${given_result}</arg>
<arg>${expected}</arg>
<doc>Fails if objects are unequal after converting them to real numbers.</doc>
<msg timestamp="20240113 12:22:26.045" level="INFO">Argument types are:
&lt;class 'int'&gt;
&lt;class 'str'&gt;</msg>
<status status="PASS" starttime="20240113 12:22:26.045" endtime="20240113 12:22:26.045"/>
</kw>
<status status="PASS" starttime="20240113 12:22:26.045" endtime="20240113 12:22:26.045"/>
</branch>
<status status="PASS" starttime="20240113 12:22:26.045" endtime="20240113 12:22:26.045"/>
</if>
<kw name="Log To Console" library="BuiltIn">
<arg>Calculation true</arg>
<doc>Logs the given message to the console.</doc>
<status status="PASS" starttime="20240113 12:22:26.045" endtime="20240113 12:22:26.045"/>
</kw>
<status status="PASS" starttime="20240113 12:22:26.045" endtime="20240113 12:22:26.045"/>
</kw>
<kw name="Verify calculation" library="calculator">
<arg>1 * 2</arg>
<arg>2</arg>
<if>
<branch type="IF" condition="${true}">
<kw name="Log To Console" library="BuiltIn">
<arg>Calculating: ${task}</arg>
<doc>Logs the given message to the console.</doc>
<status status="PASS" starttime="20240113 12:22:26.045" endtime="20240113 12:22:26.045"/>
</kw>
<kw name="Do Math" library="calcululator">
<var>${given_result}</var>
<arg>${task}</arg>
<msg timestamp="20240113 12:22:26.045" level="INFO">${given_result} = 2</msg>
<status status="PASS" starttime="20240113 12:22:26.045" endtime="20240113 12:22:26.045"/>
</kw>
<kw name="Log To Console" library="BuiltIn">
<arg>Result = ${given_result}</arg>
<doc>Logs the given message to the console.</doc>
<status status="PASS" starttime="20240113 12:22:26.045" endtime="20240113 12:22:26.045"/>
</kw>
<kw name="Should Be Equal As Numbers" library="BuiltIn">
<arg>${given_result}</arg>
<arg>${expected}</arg>
<doc>Fails if objects are unequal after converting them to real numbers.</doc>
<msg timestamp="20240113 12:22:26.045" level="INFO">Argument types are:
&lt;class 'int'&gt;
&lt;class 'str'&gt;</msg>
<status status="PASS" starttime="20240113 12:22:26.045" endtime="20240113 12:22:26.045"/>
</kw>
<status status="PASS" starttime="20240113 12:22:26.045" endtime="20240113 12:22:26.045"/>
</branch>
<status status="PASS" starttime="20240113 12:22:26.045" endtime="20240113 12:22:26.045"/>
</if>
<kw name="Log To Console" library="BuiltIn">
<arg>Calculation true</arg>
<doc>Logs the given message to the console.</doc>
<status status="PASS" starttime="20240113 12:22:26.045" endtime="20240113 12:22:26.045"/>
</kw>
<status status="PASS" starttime="20240113 12:22:26.045" endtime="20240113 12:22:26.045"/>
</kw>
<kw name="Verify calculation" library="calculator">
<arg>10 / 2</arg>
<arg>5</arg>
<if>
<branch type="IF" condition="${true}">
<kw name="Log To Console" library="BuiltIn">
<arg>Calculating: ${task}</arg>
<doc>Logs the given message to the console.</doc>
<status status="PASS" starttime="20240113 12:22:26.045" endtime="20240113 12:22:26.045"/>
</kw>
<kw name="Do Math" library="calcululator">
<var>${given_result}</var>
<arg>${task}</arg>
<msg timestamp="20240113 12:22:26.045" level="INFO">${given_result} = 5.0</msg>
<status status="PASS" starttime="20240113 12:22:26.045" endtime="20240113 12:22:26.045"/>
</kw>
<kw name="Log To Console" library="BuiltIn">
<arg>Result = ${given_result}</arg>
<doc>Logs the given message to the console.</doc>
<status status="PASS" starttime="20240113 12:22:26.045" endtime="20240113 12:22:26.045"/>
</kw>
<kw name="Should Be Equal As Numbers" library="BuiltIn">
<arg>${given_result}</arg>
<arg>${expected}</arg>
<doc>Fails if objects are unequal after converting them to real numbers.</doc>
<msg timestamp="20240113 12:22:26.045" level="INFO">Argument types are:
&lt;class 'float'&gt;
&lt;class 'str'&gt;</msg>
<status status="PASS" starttime="20240113 12:22:26.045" endtime="20240113 12:22:26.045"/>
</kw>
<status status="PASS" starttime="20240113 12:22:26.045" endtime="20240113 12:22:26.045"/>
</branch>
<status status="PASS" starttime="20240113 12:22:26.045" endtime="20240113 12:22:26.045"/>
</if>
<kw name="Log To Console" library="BuiltIn">
<arg>Calculation true</arg>
<doc>Logs the given message to the console.</doc>
<status status="PASS" starttime="20240113 12:22:26.045" endtime="20240113 12:22:26.045"/>
</kw>
<status status="PASS" starttime="20240113 12:22:26.045" endtime="20240113 12:22:26.045"/>
</kw>
<kw name="Verify calculation" library="calculator">
<arg>1 + 2 * 3 / 2</arg>
<arg>4</arg>
<if>
<branch type="IF" condition="${true}">
<kw name="Log To Console" library="BuiltIn">
<arg>Calculating: ${task}</arg>
<doc>Logs the given message to the console.</doc>
<status status="PASS" starttime="20240113 12:22:26.045" endtime="20240113 12:22:26.045"/>
</kw>
<kw name="Do Math" library="calcululator">
<var>${given_result}</var>
<arg>${task}</arg>
<msg timestamp="20240113 12:22:26.045" level="INFO">${given_result} = 4.0</msg>
<status status="PASS" starttime="20240113 12:22:26.045" endtime="20240113 12:22:26.045"/>
</kw>
<kw name="Log To Console" library="BuiltIn">
<arg>Result = ${given_result}</arg>
<doc>Logs the given message to the console.</doc>
<status status="PASS" starttime="20240113 12:22:26.045" endtime="20240113 12:22:26.045"/>
</kw>
<kw name="Should Be Equal As Numbers" library="BuiltIn">
<arg>${given_result}</arg>
<arg>${expected}</arg>
<doc>Fails if objects are unequal after converting them to real numbers.</doc>
<msg timestamp="20240113 12:22:26.045" level="INFO">Argument types are:
&lt;class 'float'&gt;
&lt;class 'str'&gt;</msg>
<status status="PASS" starttime="20240113 12:22:26.045" endtime="20240113 12:22:26.045"/>
</kw>
<status status="PASS" starttime="20240113 12:22:26.045" endtime="20240113 12:22:26.045"/>
</branch>
<status status="PASS" starttime="20240113 12:22:26.045" endtime="20240113 12:22:26.045"/>
</if>
<kw name="Log To Console" library="BuiltIn">
<arg>Calculation true</arg>
<doc>Logs the given message to the console.</doc>
<status status="PASS" starttime="20240113 12:22:26.045" endtime="20240113 12:22:26.045"/>
</kw>
<status status="PASS" starttime="20240113 12:22:26.045" endtime="20240113 12:22:26.045"/>
</kw>
<kw name="Verify calculation" library="calculator">
<arg>(4 + 8) * 2 / 4</arg>
<arg>6</arg>
<if>
<branch type="IF" condition="${true}">
<kw name="Log To Console" library="BuiltIn">
<arg>Calculating: ${task}</arg>
<doc>Logs the given message to the console.</doc>
<status status="PASS" starttime="20240113 12:22:26.045" endtime="20240113 12:22:26.045"/>
</kw>
<kw name="Do Math" library="calcululator">
<var>${given_result}</var>
<arg>${task}</arg>
<msg timestamp="20240113 12:22:26.045" level="INFO">${given_result} = 6.0</msg>
<status status="PASS" starttime="20240113 12:22:26.045" endtime="20240113 12:22:26.045"/>
</kw>
<kw name="Log To Console" library="BuiltIn">
<arg>Result = ${given_result}</arg>
<doc>Logs the given message to the console.</doc>
<status status="PASS" starttime="20240113 12:22:26.045" endtime="20240113 12:22:26.045"/>
</kw>
<kw name="Should Be Equal As Numbers" library="BuiltIn">
<arg>${given_result}</arg>
<arg>${expected}</arg>
<doc>Fails if objects are unequal after converting them to real numbers.</doc>
<msg timestamp="20240113 12:22:26.045" level="INFO">Argument types are:
&lt;class 'float'&gt;
&lt;class 'str'&gt;</msg>
<status status="PASS" starttime="20240113 12:22:26.045" endtime="20240113 12:22:26.045"/>
</kw>
<status status="PASS" starttime="20240113 12:22:26.045" endtime="20240113 12:22:26.045"/>
</branch>
<status status="PASS" starttime="20240113 12:22:26.045" endtime="20240113 12:22:26.045"/>
</if>
<kw name="Log To Console" library="BuiltIn">
<arg>Calculation true</arg>
<doc>Logs the given message to the console.</doc>
<status status="PASS" starttime="20240113 12:22:26.045" endtime="20240113 12:22:26.053"/>
</kw>
<status status="PASS" starttime="20240113 12:22:26.045" endtime="20240113 12:22:26.053"/>
</kw>
<status status="PASS" starttime="20240113 12:22:26.038" endtime="20240113 12:22:26.053"/>
</test>
<status status="PASS" starttime="20240113 12:22:26.022" endtime="20240113 12:22:26.053"/>
</suite>
<statistics>
<total>
<stat pass="1" fail="0" skip="0">All Tests</stat>
</total>
<tag>
</tag>
<suite>
<stat pass="1" fail="0" skip="0" id="s1" name="Calculator">Calculator</stat>
</suite>
</statistics>
<errors>
</errors>
</robot>
